<?xml version="1.0" encoding="UTF-8"?>
<!-- Generated by org.testng.reporters.JUnitReportReporter -->
<testsuite hostname="DESKTOP-5PH9H3D" failures="0" tests="1" name="testCases.TC001_AccountRegistrationTest" time="2.812" errors="0" timestamp="2024-12-05T21:00:08 IST" skipped="0">
  <testcase classname="testCases.TC001_AccountRegistrationTest" name="verify_account_registration" time="2.812"/>
  <system-out/>
</testsuite> <!-- testCases.TC001_AccountRegistrationTest -->
