<?xml version="1.0" encoding="UTF-8"?>
<!-- Generated by org.testng.reporters.JUnitReportReporter -->
<testsuite hostname="DESKTOP-5PH9H3D" failures="0" tests="1" name="testCases.TC002_LoginTest" time="4.459" errors="0" timestamp="2024-12-05T21:00:08 IST" skipped="0">
  <testcase classname="testCases.TC002_LoginTest" name="verify_login" time="4.459"/>
  <system-out/>
</testsuite> <!-- testCases.TC002_LoginTest -->
